[0.000000] (-) TimerEvent: {}
[0.000278] (first_interfaces) JobQueued: {'identifier': 'first_interfaces', 'dependencies': OrderedDict()}
[0.000362] (first_package) JobQueued: {'identifier': 'first_package', 'dependencies': OrderedDict()}
[0.001642] (first_interfaces) JobStarted: {'identifier': 'first_interfaces'}
[0.015282] (first_package) JobStarted: {'identifier': 'first_package'}
[0.030903] (first_interfaces) JobProgress: {'identifier': 'first_interfaces', 'progress': 'cmake'}
[0.032626] (first_interfaces) Command: {'cmd': ['/usr/bin/cmake', '/home/iliass/ros2_athens_ws/src/first_interfaces', '-DCMAKE_INSTALL_PREFIX=/home/iliass/ros2_athens_ws/install/first_interfaces'], 'cwd': '/home/iliass/ros2_athens_ws/build/first_interfaces', 'env': OrderedDict([('LESSOPEN', '| /usr/bin/lesspipe %s'), ('USER', 'iliass'), ('SHLVL', '1'), ('LD_LIBRARY_PATH', '/opt/ros/foxy/opt/yaml_cpp_vendor/lib:/opt/ros/foxy/opt/rviz_ogre_vendor/lib:/opt/ros/foxy/lib/x86_64-linux-gnu:/opt/ros/foxy/lib'), ('WT_PROFILE_ID', '{4dd1e689-b517-5f39-947d-78e8a8bdf958}'), ('HOME', '/home/iliass'), ('OLDPWD', '/home/iliass'), ('ROS_PYTHON_VERSION', '3'), ('DBUS_SESSION_BUS_ADDRESS', 'unix:path=/run/user/1000/bus'), ('WSL_DISTRO_NAME', 'Ubuntu-20.04'), ('WAYLAND_DISPLAY', 'wayland-0'), ('COLCON_PREFIX_PATH', '/home/iliass/ros2_athens_ws/install'), ('ROS_DISTRO', 'foxy'), ('LOGNAME', 'iliass'), ('NAME', 'MSI'), ('WSL_INTEROP', '/run/WSL/7653_interop'), ('PULSE_SERVER', 'unix:/mnt/wslg/PulseServer'), ('_', '/usr/bin/colcon'), ('ROS_VERSION', '2'), ('TERM', 'xterm-256color'), ('ROS_LOCALHOST_ONLY', '0'), ('PATH', '/opt/ros/foxy/bin:/usr/local/sbin:/usr/local/bin:/usr/sbin:/usr/bin:/sbin:/bin:/usr/games:/usr/local/games:/usr/lib/wsl/lib:/mnt/c/Program Files (x86)/Common Files/Oracle/Java/java8path:/mnt/c/Program Files (x86)/Common Files/Oracle/Java/javapath:/mnt/c/Windows/system32:/mnt/c/Windows:/mnt/c/Windows/System32/Wbem:/mnt/c/Windows/System32/WindowsPowerShell/v1.0/:/mnt/c/Windows/System32/OpenSSH/:/mnt/c/Program Files (x86)/NVIDIA Corporation/PhysX/Common:/mnt/c/Program Files/NVIDIA Corporation/NVIDIA NvDLISR:/mnt/c/Program Files/nodejs/:/mnt/c/Program Files/Git/cmd:/mnt/c/Program Files/dotnet/:/mnt/c/Program Files/usbipd-win/:/mnt/c/Program Files/MySQL/MySQL Shell 9.0/bin/:/mnt/c/Users/ailia/AppData/Local/Microsoft/WindowsApps:/mnt/c/Users/ailia/AppData/Local/Programs/Microsoft VS Code/bin:/mnt/c/Users/ailia/AppData/Roaming/npm:/mnt/c/Users/ailia/AppData/Local/Programs/oh-my-posh/bin:/mnt/c/Users/ailia/AppData/Local/GitHubDesktop/bin:/mnt/c/Users/ailia/AppData/Local/Packages/PythonSoftwareFoundation.Python.3.11_qbz5n2kfra8p0/LocalCache/local-packages/Python311/Scripts:/snap/bin'), ('WT_SESSION', '1fd21cc8-df4f-43e2-b669-2498f080f8b5'), ('XDG_RUNTIME_DIR', '/run/user/1000/'), ('DISPLAY', ':0'), ('LANG', 'en_US.UTF-8'), ('LS_COLORS', 'rs=0:di=01;34:ln=01;36:mh=00:pi=40;33:so=01;35:do=01;35:bd=40;33;01:cd=40;33;01:or=40;31;01:mi=00:su=37;41:sg=30;43:ca=30;41:tw=30;42:ow=34;42:st=37;44:ex=01;32:*.tar=01;31:*.tgz=01;31:*.arc=01;31:*.arj=01;31:*.taz=01;31:*.lha=01;31:*.lz4=01;31:*.lzh=01;31:*.lzma=01;31:*.tlz=01;31:*.txz=01;31:*.tzo=01;31:*.t7z=01;31:*.zip=01;31:*.z=01;31:*.dz=01;31:*.gz=01;31:*.lrz=01;31:*.lz=01;31:*.lzo=01;31:*.xz=01;31:*.zst=01;31:*.tzst=01;31:*.bz2=01;31:*.bz=01;31:*.tbz=01;31:*.tbz2=01;31:*.tz=01;31:*.deb=01;31:*.rpm=01;31:*.jar=01;31:*.war=01;31:*.ear=01;31:*.sar=01;31:*.rar=01;31:*.alz=01;31:*.ace=01;31:*.zoo=01;31:*.cpio=01;31:*.7z=01;31:*.rz=01;31:*.cab=01;31:*.wim=01;31:*.swm=01;31:*.dwm=01;31:*.esd=01;31:*.jpg=01;35:*.jpeg=01;35:*.mjpg=01;35:*.mjpeg=01;35:*.gif=01;35:*.bmp=01;35:*.pbm=01;35:*.pgm=01;35:*.ppm=01;35:*.tga=01;35:*.xbm=01;35:*.xpm=01;35:*.tif=01;35:*.tiff=01;35:*.png=01;35:*.svg=01;35:*.svgz=01;35:*.mng=01;35:*.pcx=01;35:*.mov=01;35:*.mpg=01;35:*.mpeg=01;35:*.m2v=01;35:*.mkv=01;35:*.webm=01;35:*.ogm=01;35:*.mp4=01;35:*.m4v=01;35:*.mp4v=01;35:*.vob=01;35:*.qt=01;35:*.nuv=01;35:*.wmv=01;35:*.asf=01;35:*.rm=01;35:*.rmvb=01;35:*.flc=01;35:*.avi=01;35:*.fli=01;35:*.flv=01;35:*.gl=01;35:*.dl=01;35:*.xcf=01;35:*.xwd=01;35:*.yuv=01;35:*.cgm=01;35:*.emf=01;35:*.ogv=01;35:*.ogx=01;35:*.aac=00;36:*.au=00;36:*.flac=00;36:*.m4a=00;36:*.mid=00;36:*.midi=00;36:*.mka=00;36:*.mp3=00;36:*.mpc=00;36:*.ogg=00;36:*.ra=00;36:*.wav=00;36:*.oga=00;36:*.opus=00;36:*.spx=00;36:*.xspf=00;36:'), ('ROS_DOMAIN_ID', '7'), ('AMENT_PREFIX_PATH', '/home/iliass/ros2_athens_ws/install/first_package:/opt/ros/foxy'), ('SHELL', '/bin/bash'), ('LESSCLOSE', '/usr/bin/lesspipe %s %s'), ('PWD', '/home/iliass/ros2_athens_ws/build/first_interfaces'), ('XDG_DATA_DIRS', '/usr/local/share:/usr/share:/var/lib/snapd/desktop'), ('PYTHONPATH', '/home/iliass/ros2_athens_ws/install/first_package/lib/python3.8/site-packages:/opt/ros/foxy/lib/python3.8/site-packages'), ('COLCON', '1'), ('WSL2_GUI_APPS_ENABLED', '1'), ('HOSTTYPE', 'x86_64'), ('WSLENV', 'WT_SESSION:WT_PROFILE_ID:'), ('CMAKE_PREFIX_PATH', '/home/iliass/ros2_athens_ws/install/first_package:/opt/ros/foxy')]), 'shell': False}
[0.099272] (-) TimerEvent: {}
[0.200048] (-) TimerEvent: {}
[0.300556] (-) TimerEvent: {}
[0.401669] (-) TimerEvent: {}
[0.428552] (first_interfaces) StdoutLine: {'line': b'-- The C compiler identification is GNU 9.4.0\n'}
[0.501859] (-) TimerEvent: {}
[0.602595] (-) TimerEvent: {}
[0.703225] (-) TimerEvent: {}
[0.803803] (-) TimerEvent: {}
[0.904362] (-) TimerEvent: {}
[0.967035] (first_interfaces) StdoutLine: {'line': b'-- The CXX compiler identification is GNU 9.4.0\n'}
[0.999557] (first_package) Command: {'cmd': ['/usr/bin/python3', '-W', 'ignore:setup.py install is deprecated', 'setup.py', 'egg_info', '--egg-base', '../../build/first_package', 'build', '--build-base', '/home/iliass/ros2_athens_ws/build/first_package/build', 'install', '--record', '/home/iliass/ros2_athens_ws/build/first_package/install.log', '--install-scripts', '$base/lib/first_package', '--single-version-externally-managed', 'install_data'], 'cwd': '/home/iliass/ros2_athens_ws/src/first_package', 'env': {'LESSOPEN': '| /usr/bin/lesspipe %s', 'USER': 'iliass', 'SHLVL': '1', 'LD_LIBRARY_PATH': '/opt/ros/foxy/opt/yaml_cpp_vendor/lib:/opt/ros/foxy/opt/rviz_ogre_vendor/lib:/opt/ros/foxy/lib/x86_64-linux-gnu:/opt/ros/foxy/lib', 'WT_PROFILE_ID': '{4dd1e689-b517-5f39-947d-78e8a8bdf958}', 'HOME': '/home/iliass', 'OLDPWD': '/home/iliass', 'ROS_PYTHON_VERSION': '3', 'DBUS_SESSION_BUS_ADDRESS': 'unix:path=/run/user/1000/bus', 'WSL_DISTRO_NAME': 'Ubuntu-20.04', 'WAYLAND_DISPLAY': 'wayland-0', 'COLCON_PREFIX_PATH': '/home/iliass/ros2_athens_ws/install', 'ROS_DISTRO': 'foxy', 'LOGNAME': 'iliass', 'NAME': 'MSI', 'WSL_INTEROP': '/run/WSL/7653_interop', 'PULSE_SERVER': 'unix:/mnt/wslg/PulseServer', '_': '/usr/bin/colcon', 'ROS_VERSION': '2', 'TERM': 'xterm-256color', 'ROS_LOCALHOST_ONLY': '0', 'PATH': '/opt/ros/foxy/bin:/usr/local/sbin:/usr/local/bin:/usr/sbin:/usr/bin:/sbin:/bin:/usr/games:/usr/local/games:/usr/lib/wsl/lib:/mnt/c/Program Files (x86)/Common Files/Oracle/Java/java8path:/mnt/c/Program Files (x86)/Common Files/Oracle/Java/javapath:/mnt/c/Windows/system32:/mnt/c/Windows:/mnt/c/Windows/System32/Wbem:/mnt/c/Windows/System32/WindowsPowerShell/v1.0/:/mnt/c/Windows/System32/OpenSSH/:/mnt/c/Program Files (x86)/NVIDIA Corporation/PhysX/Common:/mnt/c/Program Files/NVIDIA Corporation/NVIDIA NvDLISR:/mnt/c/Program Files/nodejs/:/mnt/c/Program Files/Git/cmd:/mnt/c/Program Files/dotnet/:/mnt/c/Program Files/usbipd-win/:/mnt/c/Program Files/MySQL/MySQL Shell 9.0/bin/:/mnt/c/Users/ailia/AppData/Local/Microsoft/WindowsApps:/mnt/c/Users/ailia/AppData/Local/Programs/Microsoft VS Code/bin:/mnt/c/Users/ailia/AppData/Roaming/npm:/mnt/c/Users/ailia/AppData/Local/Programs/oh-my-posh/bin:/mnt/c/Users/ailia/AppData/Local/GitHubDesktop/bin:/mnt/c/Users/ailia/AppData/Local/Packages/PythonSoftwareFoundation.Python.3.11_qbz5n2kfra8p0/LocalCache/local-packages/Python311/Scripts:/snap/bin', 'WT_SESSION': '1fd21cc8-df4f-43e2-b669-2498f080f8b5', 'XDG_RUNTIME_DIR': '/run/user/1000/', 'DISPLAY': ':0', 'LANG': 'en_US.UTF-8', 'LS_COLORS': 'rs=0:di=01;34:ln=01;36:mh=00:pi=40;33:so=01;35:do=01;35:bd=40;33;01:cd=40;33;01:or=40;31;01:mi=00:su=37;41:sg=30;43:ca=30;41:tw=30;42:ow=34;42:st=37;44:ex=01;32:*.tar=01;31:*.tgz=01;31:*.arc=01;31:*.arj=01;31:*.taz=01;31:*.lha=01;31:*.lz4=01;31:*.lzh=01;31:*.lzma=01;31:*.tlz=01;31:*.txz=01;31:*.tzo=01;31:*.t7z=01;31:*.zip=01;31:*.z=01;31:*.dz=01;31:*.gz=01;31:*.lrz=01;31:*.lz=01;31:*.lzo=01;31:*.xz=01;31:*.zst=01;31:*.tzst=01;31:*.bz2=01;31:*.bz=01;31:*.tbz=01;31:*.tbz2=01;31:*.tz=01;31:*.deb=01;31:*.rpm=01;31:*.jar=01;31:*.war=01;31:*.ear=01;31:*.sar=01;31:*.rar=01;31:*.alz=01;31:*.ace=01;31:*.zoo=01;31:*.cpio=01;31:*.7z=01;31:*.rz=01;31:*.cab=01;31:*.wim=01;31:*.swm=01;31:*.dwm=01;31:*.esd=01;31:*.jpg=01;35:*.jpeg=01;35:*.mjpg=01;35:*.mjpeg=01;35:*.gif=01;35:*.bmp=01;35:*.pbm=01;35:*.pgm=01;35:*.ppm=01;35:*.tga=01;35:*.xbm=01;35:*.xpm=01;35:*.tif=01;35:*.tiff=01;35:*.png=01;35:*.svg=01;35:*.svgz=01;35:*.mng=01;35:*.pcx=01;35:*.mov=01;35:*.mpg=01;35:*.mpeg=01;35:*.m2v=01;35:*.mkv=01;35:*.webm=01;35:*.ogm=01;35:*.mp4=01;35:*.m4v=01;35:*.mp4v=01;35:*.vob=01;35:*.qt=01;35:*.nuv=01;35:*.wmv=01;35:*.asf=01;35:*.rm=01;35:*.rmvb=01;35:*.flc=01;35:*.avi=01;35:*.fli=01;35:*.flv=01;35:*.gl=01;35:*.dl=01;35:*.xcf=01;35:*.xwd=01;35:*.yuv=01;35:*.cgm=01;35:*.emf=01;35:*.ogv=01;35:*.ogx=01;35:*.aac=00;36:*.au=00;36:*.flac=00;36:*.m4a=00;36:*.mid=00;36:*.midi=00;36:*.mka=00;36:*.mp3=00;36:*.mpc=00;36:*.ogg=00;36:*.ra=00;36:*.wav=00;36:*.oga=00;36:*.opus=00;36:*.spx=00;36:*.xspf=00;36:', 'ROS_DOMAIN_ID': '7', 'AMENT_PREFIX_PATH': '/home/iliass/ros2_athens_ws/install/first_package:/opt/ros/foxy', 'SHELL': '/bin/bash', 'LESSCLOSE': '/usr/bin/lesspipe %s %s', 'PWD': '/home/iliass/ros2_athens_ws/build/first_package', 'XDG_DATA_DIRS': '/usr/local/share:/usr/share:/var/lib/snapd/desktop', 'PYTHONPATH': '/home/iliass/ros2_athens_ws/build/first_package/prefix_override:/usr/lib/python3/dist-packages/colcon_core/task/python/colcon_distutils_commands:/home/iliass/ros2_athens_ws/install/first_package/lib/python3.8/site-packages:/home/iliass/ros2_athens_ws/install/first_package/lib/python3.8/site-packages:/opt/ros/foxy/lib/python3.8/site-packages', 'COLCON': '1', 'WSL2_GUI_APPS_ENABLED': '1', 'HOSTTYPE': 'x86_64', 'WSLENV': 'WT_SESSION:WT_PROFILE_ID:'}, 'shell': False}
[1.004480] (-) TimerEvent: {}
[1.095329] (first_interfaces) StdoutLine: {'line': b'-- Check for working C compiler: /usr/bin/cc\n'}
[1.104601] (-) TimerEvent: {}
[1.204913] (-) TimerEvent: {}
[1.221218] (first_package) StdoutLine: {'line': b'running egg_info\n'}
[1.222271] (first_package) StdoutLine: {'line': b'writing ../../build/first_package/first_package.egg-info/PKG-INFO\n'}
[1.222762] (first_package) StdoutLine: {'line': b'writing dependency_links to ../../build/first_package/first_package.egg-info/dependency_links.txt\n'}
[1.223242] (first_package) StdoutLine: {'line': b'writing entry points to ../../build/first_package/first_package.egg-info/entry_points.txt\n'}
[1.223695] (first_package) StdoutLine: {'line': b'writing requirements to ../../build/first_package/first_package.egg-info/requires.txt\n'}
[1.224357] (first_package) StdoutLine: {'line': b'writing top-level names to ../../build/first_package/first_package.egg-info/top_level.txt\n'}
[1.243345] (first_interfaces) StdoutLine: {'line': b'-- Check for working C compiler: /usr/bin/cc -- works\n'}
[1.244884] (first_interfaces) StdoutLine: {'line': b'-- Detecting C compiler ABI info\n'}
[1.263190] (first_package) StdoutLine: {'line': b"reading manifest file '../../build/first_package/first_package.egg-info/SOURCES.txt'\n"}
[1.264131] (first_package) StdoutLine: {'line': b"writing manifest file '../../build/first_package/first_package.egg-info/SOURCES.txt'\n"}
[1.264381] (first_package) StdoutLine: {'line': b'running build\n'}
[1.264521] (first_package) StdoutLine: {'line': b'running build_py\n'}
[1.264860] (first_package) StdoutLine: {'line': b'running install\n'}
[1.266304] (first_package) StdoutLine: {'line': b'running install_lib\n'}
[1.267988] (first_package) StdoutLine: {'line': b'running install_data\n'}
[1.268122] (first_package) StdoutLine: {'line': b'running install_egg_info\n'}
[1.270357] (first_package) StdoutLine: {'line': b"removing '/home/iliass/ros2_athens_ws/install/first_package/lib/python3.8/site-packages/first_package-0.0.0-py3.8.egg-info' (and everything under it)\n"}
[1.271022] (first_package) StdoutLine: {'line': b'Copying ../../build/first_package/first_package.egg-info to /home/iliass/ros2_athens_ws/install/first_package/lib/python3.8/site-packages/first_package-0.0.0-py3.8.egg-info\n'}
[1.272644] (first_package) StdoutLine: {'line': b'running install_scripts\n'}
[1.293710] (first_package) StdoutLine: {'line': b'Installing simple_publisher_node script to /home/iliass/ros2_athens_ws/install/first_package/lib/first_package\n'}
[1.294207] (first_package) StdoutLine: {'line': b'Installing simple_pubsub_node script to /home/iliass/ros2_athens_ws/install/first_package/lib/first_package\n'}
[1.294648] (first_package) StdoutLine: {'line': b'Installing simple_subscriber_node script to /home/iliass/ros2_athens_ws/install/first_package/lib/first_package\n'}
[1.294731] (first_package) StdoutLine: {'line': b"writing list of installed files to '/home/iliass/ros2_athens_ws/build/first_package/install.log'\n"}
[1.305121] (-) TimerEvent: {}
[1.318119] (first_package) CommandEnded: {'returncode': 0}
[1.331113] (first_package) JobEnded: {'identifier': 'first_package', 'rc': 0}
[1.405289] (-) TimerEvent: {}
[1.417593] (first_interfaces) StdoutLine: {'line': b'-- Detecting C compiler ABI info - done\n'}
[1.433499] (first_interfaces) StdoutLine: {'line': b'-- Detecting C compile features\n'}
[1.434142] (first_interfaces) StdoutLine: {'line': b'-- Detecting C compile features - done\n'}
[1.436960] (first_interfaces) StdoutLine: {'line': b'-- Check for working CXX compiler: /usr/bin/c++\n'}
[1.505454] (-) TimerEvent: {}
[1.605857] (-) TimerEvent: {}
[1.607968] (first_interfaces) StdoutLine: {'line': b'-- Check for working CXX compiler: /usr/bin/c++ -- works\n'}
[1.609194] (first_interfaces) StdoutLine: {'line': b'-- Detecting CXX compiler ABI info\n'}
[1.706052] (-) TimerEvent: {}
[1.806828] (-) TimerEvent: {}
[1.907413] (-) TimerEvent: {}
[1.917906] (first_interfaces) StdoutLine: {'line': b'-- Detecting CXX compiler ABI info - done\n'}
[1.929647] (first_interfaces) StdoutLine: {'line': b'-- Detecting CXX compile features\n'}
[1.930160] (first_interfaces) StdoutLine: {'line': b'-- Detecting CXX compile features - done\n'}
[1.932252] (first_interfaces) StdoutLine: {'line': b'-- Found rosidl_default_generators: 1.0.1 (/opt/ros/foxy/share/rosidl_default_generators/cmake)\n'}
[1.933825] (first_interfaces) StdoutLine: {'line': b'-- Found ament_cmake_core: 0.9.12 (/opt/ros/foxy/share/ament_cmake_core/cmake)\n'}
[1.968904] (first_interfaces) StdoutLine: {'line': b'-- Found PythonInterp: /usr/bin/python3 (found suitable version "3.8.10", minimum required is "3") \n'}
[1.969343] (first_interfaces) StdoutLine: {'line': b'-- Using PYTHON_EXECUTABLE: /usr/bin/python3\n'}
[2.007897] (-) TimerEvent: {}
[2.108316] (-) TimerEvent: {}
[2.144295] (first_interfaces) StdoutLine: {'line': b'-- Using all available rosidl_typesupport_c: rosidl_typesupport_fastrtps_c;rosidl_typesupport_introspection_c\n'}
[2.151205] (first_interfaces) StdoutLine: {'line': b'-- Found rosidl_adapter: 1.3.1 (/opt/ros/foxy/share/rosidl_adapter/cmake)\n'}
[2.208469] (-) TimerEvent: {}
[2.309241] (-) TimerEvent: {}
[2.410819] (-) TimerEvent: {}
[2.512198] (-) TimerEvent: {}
[2.613485] (-) TimerEvent: {}
[2.714534] (-) TimerEvent: {}
[2.815626] (-) TimerEvent: {}
[2.916882] (-) TimerEvent: {}
[3.018289] (-) TimerEvent: {}
[3.119743] (-) TimerEvent: {}
[3.221098] (-) TimerEvent: {}
[3.322682] (-) TimerEvent: {}
[3.424233] (-) TimerEvent: {}
[3.525670] (-) TimerEvent: {}
[3.627099] (-) TimerEvent: {}
[3.728589] (-) TimerEvent: {}
[3.830024] (-) TimerEvent: {}
[3.931315] (-) TimerEvent: {}
[4.032804] (-) TimerEvent: {}
[4.134005] (-) TimerEvent: {}
[4.235207] (-) TimerEvent: {}
[4.336618] (-) TimerEvent: {}
[4.438042] (-) TimerEvent: {}
[4.539534] (-) TimerEvent: {}
[4.640847] (-) TimerEvent: {}
[4.742328] (-) TimerEvent: {}
[4.843597] (-) TimerEvent: {}
[4.944284] (-) TimerEvent: {}
[5.044716] (-) TimerEvent: {}
[5.145310] (-) TimerEvent: {}
[5.246092] (-) TimerEvent: {}
[5.347371] (-) TimerEvent: {}
[5.448758] (-) TimerEvent: {}
[5.550029] (-) TimerEvent: {}
[5.651154] (-) TimerEvent: {}
[5.752294] (-) TimerEvent: {}
[5.852931] (-) TimerEvent: {}
[5.953466] (-) TimerEvent: {}
[6.053999] (-) TimerEvent: {}
[6.154624] (-) TimerEvent: {}
[6.255573] (-) TimerEvent: {}
[6.356945] (-) TimerEvent: {}
[6.458403] (-) TimerEvent: {}
[6.559669] (-) TimerEvent: {}
[6.660880] (-) TimerEvent: {}
[6.761839] (-) TimerEvent: {}
[6.862452] (-) TimerEvent: {}
[6.963093] (-) TimerEvent: {}
[7.063655] (-) TimerEvent: {}
[7.164194] (-) TimerEvent: {}
[7.264806] (-) TimerEvent: {}
[7.365303] (-) TimerEvent: {}
[7.466122] (-) TimerEvent: {}
[7.563774] (first_interfaces) StdoutLine: {'line': b'-- Found OpenSSL: /usr/lib/x86_64-linux-gnu/libcrypto.so (found version "1.1.1f")  \n'}
[7.566238] (-) TimerEvent: {}
[7.666596] (-) TimerEvent: {}
[7.766995] (-) TimerEvent: {}
[7.867451] (-) TimerEvent: {}
[7.967912] (-) TimerEvent: {}
[8.068346] (-) TimerEvent: {}
[8.169156] (-) TimerEvent: {}
[8.270635] (-) TimerEvent: {}
[8.372108] (-) TimerEvent: {}
[8.474149] (-) TimerEvent: {}
[8.575742] (-) TimerEvent: {}
[8.677314] (-) TimerEvent: {}
[8.779185] (-) TimerEvent: {}
[8.880629] (-) TimerEvent: {}
[8.982132] (-) TimerEvent: {}
[9.083346] (-) TimerEvent: {}
[9.184781] (-) TimerEvent: {}
[9.286092] (-) TimerEvent: {}
[9.387535] (-) TimerEvent: {}
[9.489461] (-) TimerEvent: {}
[9.591367] (-) TimerEvent: {}
[9.694084] (-) TimerEvent: {}
[9.795807] (-) TimerEvent: {}
[9.896988] (-) TimerEvent: {}
[9.998125] (-) TimerEvent: {}
[10.099100] (-) TimerEvent: {}
[10.200343] (-) TimerEvent: {}
[10.301603] (-) TimerEvent: {}
[10.403142] (-) TimerEvent: {}
[10.504547] (-) TimerEvent: {}
[10.606076] (-) TimerEvent: {}
[10.707480] (-) TimerEvent: {}
[10.809248] (-) TimerEvent: {}
[10.910628] (-) TimerEvent: {}
[11.012349] (-) TimerEvent: {}
[11.113687] (-) TimerEvent: {}
[11.215145] (-) TimerEvent: {}
[11.316409] (-) TimerEvent: {}
[11.418103] (-) TimerEvent: {}
[11.519467] (-) TimerEvent: {}
[11.620874] (-) TimerEvent: {}
[11.722344] (-) TimerEvent: {}
[11.823758] (-) TimerEvent: {}
[11.925169] (-) TimerEvent: {}
[12.026592] (-) TimerEvent: {}
[12.128136] (-) TimerEvent: {}
[12.234885] (-) TimerEvent: {}
[12.336141] (-) TimerEvent: {}
[12.437502] (-) TimerEvent: {}
[12.538741] (-) TimerEvent: {}
[12.641697] (-) TimerEvent: {}
[12.743841] (-) TimerEvent: {}
[12.844900] (-) TimerEvent: {}
[12.945690] (-) TimerEvent: {}
[13.046982] (-) TimerEvent: {}
[13.148374] (-) TimerEvent: {}
[13.249650] (-) TimerEvent: {}
[13.350899] (-) TimerEvent: {}
[13.452489] (-) TimerEvent: {}
[13.554305] (-) TimerEvent: {}
[13.655660] (-) TimerEvent: {}
[13.756585] (-) TimerEvent: {}
[13.857560] (-) TimerEvent: {}
[13.958767] (-) TimerEvent: {}
[14.019567] (first_interfaces) StdoutLine: {'line': b'-- Found FastRTPS: /opt/ros/foxy/include  \n'}
[14.059196] (-) TimerEvent: {}
[14.160173] (-) TimerEvent: {}
[14.261434] (-) TimerEvent: {}
[14.362955] (-) TimerEvent: {}
[14.464355] (-) TimerEvent: {}
[14.565531] (-) TimerEvent: {}
[14.667222] (-) TimerEvent: {}
[14.768584] (-) TimerEvent: {}
[14.869798] (-) TimerEvent: {}
[14.971290] (-) TimerEvent: {}
[15.072741] (-) TimerEvent: {}
[15.174139] (-) TimerEvent: {}
[15.275507] (-) TimerEvent: {}
[15.376828] (-) TimerEvent: {}
[15.478452] (-) TimerEvent: {}
[15.579757] (-) TimerEvent: {}
[15.680995] (-) TimerEvent: {}
[15.782275] (-) TimerEvent: {}
[15.883370] (-) TimerEvent: {}
[15.984554] (-) TimerEvent: {}
[16.086011] (-) TimerEvent: {}
[16.187218] (-) TimerEvent: {}
[16.288476] (-) TimerEvent: {}
[16.389780] (-) TimerEvent: {}
[16.491182] (-) TimerEvent: {}
[16.592509] (-) TimerEvent: {}
[16.693861] (-) TimerEvent: {}
[16.795196] (-) TimerEvent: {}
[16.896645] (-) TimerEvent: {}
[16.998049] (-) TimerEvent: {}
[17.099572] (-) TimerEvent: {}
[17.201161] (-) TimerEvent: {}
[17.302734] (-) TimerEvent: {}
[17.394505] (first_interfaces) CommandEnded: {'returncode': -2}
[17.400670] (first_interfaces) StderrLine: {'line': b'Traceback (most recent call last):\n  File "/usr/lib/python3/dist-packages/colcon_parallel_executor/executor/parallel.py", line 75, in execute\n    loop.run_until_complete(future)\n  File "/usr/lib/python3.8/asyncio/base_events.py", line 603, in run_until_complete\n    self.run_forever()\n  File "/usr/lib/python3.8/asyncio/base_events.py", line 570, in run_forever\n    self._run_once()\n  File "/usr/lib/python3.8/asyncio/base_events.py", line 1823, in _run_once\n    event_list = self._selector.select(timeout)\n  File "/usr/lib/python3.8/selectors.py", line 468, in select\n    fd_event_list = self._selector.poll(timeout, max_ev)\nKeyboardInterrupt\n\nDuring handling of the above exception, another exception occurred:\n\nTraceback (most recent call last):\n  File "/usr/lib/python3/dist-packages/colcon_core/executor/__init__.py", line 91, in __call__\n    rc = await self.task(*args, **kwargs)\n  File "/usr/lib/python3/dist-packages/colcon_core/task/__init__.py", line 93, in __call__\n    return await task_method(*args, **kwargs)\n  File "/usr/lib/python3/dist-packages/colcon_ros/task/ament_cmake/build.py", line 59, in build\n    rc = await extension.build(\n  File "/usr/lib/python3/dist-packages/colcon_cmake/task/cmake/build.py", line 87, in build\n    rc = await self._reconfigure(args, env)\n  File "/usr/lib/python3/dist-packages/colcon_cmake/task/cmake/build.py", line 182, in _reconfigure\n    buildfile = get_buildfile(cmake_cache)\n  File "/usr/lib/python3/dist-packages/colcon_cmake/task/cmake/__init__.py", line 114, in get_buildfile\n    if \'Visual Studio\' in generator:\nTypeError: argument of type \'NoneType\' is not iterable\n'}
[17.401521] (first_interfaces) JobEnded: {'identifier': 'first_interfaces', 'rc': 'SIGINT'}
[17.403398] (-) TimerEvent: {}
[17.414189] (-) EventReactorShutdown: {}
