[0.030s] Invoking command in '/home/iliass/ros2_athens_ws/build/first_interfaces': CMAKE_PREFIX_PATH=/home/iliass/ros2_athens_ws/install/first_package:/opt/ros/foxy /usr/bin/cmake /home/iliass/ros2_athens_ws/src/first_interfaces -DCMAKE_INSTALL_PREFIX=/home/iliass/ros2_athens_ws/install/first_interfaces
[0.405s] -- The C compiler identification is GNU 9.4.0
[0.701s] -- The CXX compiler identification is GNU 9.4.0
[0.819s] -- Check for working C compiler: /usr/bin/cc
[0.953s] -- Check for working C compiler: /usr/bin/cc -- works
[0.956s] -- Detecting C compiler ABI info
[1.357s] -- Detecting C compiler ABI info - done
[1.375s] -- Detecting C compile features
[1.376s] -- Detecting C compile features - done
[1.380s] -- Check for working CXX compiler: /usr/bin/c++
[1.866s] -- Check for working CXX compiler: /usr/bin/c++ -- works
[1.867s] -- Detecting CXX compiler ABI info
[2.071s] -- Detecting CXX compiler ABI info - done
[2.084s] -- Detecting CXX compile features
[2.085s] -- Detecting CXX compile features - done
[2.087s] -- Found rosidl_default_generators: 1.0.1 (/opt/ros/foxy/share/rosidl_default_generators/cmake)
[2.091s] -- Found ament_cmake_core: 0.9.12 (/opt/ros/foxy/share/ament_cmake_core/cmake)
[2.123s] -- Found PythonInterp: /usr/bin/python3 (found suitable version "3.8.10", minimum required is "3") 
[2.124s] -- Using PYTHON_EXECUTABLE: /usr/bin/python3
[2.312s] -- Using all available rosidl_typesupport_c: rosidl_typesupport_fastrtps_c;rosidl_typesupport_introspection_c
[2.323s] -- Found rosidl_adapter: 1.3.1 (/opt/ros/foxy/share/rosidl_adapter/cmake)
[7.621s] -- Found OpenSSL: /usr/lib/x86_64-linux-gnu/libcrypto.so (found version "1.1.1f")  
[13.686s] -- Found FastRTPS: /opt/ros/foxy/include  
[24.692s] Invoked command in '/home/iliass/ros2_athens_ws/build/first_interfaces' returned '-2': CMAKE_PREFIX_PATH=/home/iliass/ros2_athens_ws/install/first_package:/opt/ros/foxy /usr/bin/cmake /home/iliass/ros2_athens_ws/src/first_interfaces -DCMAKE_INSTALL_PREFIX=/home/iliass/ros2_athens_ws/install/first_interfaces
[24.709s] Traceback (most recent call last):
  File "/usr/lib/python3/dist-packages/colcon_parallel_executor/executor/parallel.py", line 75, in execute
    loop.run_until_complete(future)
  File "/usr/lib/python3.8/asyncio/base_events.py", line 603, in run_until_complete
    self.run_forever()
  File "/usr/lib/python3.8/asyncio/base_events.py", line 570, in run_forever
    self._run_once()
  File "/usr/lib/python3.8/asyncio/base_events.py", line 1823, in _run_once
    event_list = self._selector.select(timeout)
  File "/usr/lib/python3.8/selectors.py", line 468, in select
    fd_event_list = self._selector.poll(timeout, max_ev)
KeyboardInterrupt

During handling of the above exception, another exception occurred:

Traceback (most recent call last):
  File "/usr/lib/python3/dist-packages/colcon_core/executor/__init__.py", line 91, in __call__
    rc = await self.task(*args, **kwargs)
  File "/usr/lib/python3/dist-packages/colcon_core/task/__init__.py", line 93, in __call__
    return await task_method(*args, **kwargs)
  File "/usr/lib/python3/dist-packages/colcon_ros/task/ament_cmake/build.py", line 59, in build
    rc = await extension.build(
  File "/usr/lib/python3/dist-packages/colcon_cmake/task/cmake/build.py", line 87, in build
    rc = await self._reconfigure(args, env)
  File "/usr/lib/python3/dist-packages/colcon_cmake/task/cmake/build.py", line 182, in _reconfigure
    buildfile = get_buildfile(cmake_cache)
  File "/usr/lib/python3/dist-packages/colcon_cmake/task/cmake/__init__.py", line 114, in get_buildfile
    if 'Visual Studio' in generator:
TypeError: argument of type 'NoneType' is not iterable
